c:\users\gusta\documents\github\semesterprojekt3gruppe3\throwbot - copy\x64\debug\main.obj
c:\users\gusta\documents\github\semesterprojekt3gruppe3\throwbot - copy\x64\debug\moc_throwbot.obj
c:\users\gusta\documents\github\semesterprojekt3gruppe3\throwbot - copy\x64\debug\imageprocessing.obj
c:\users\gusta\documents\github\semesterprojekt3gruppe3\throwbot - copy\x64\debug\throwbot.obj
c:\users\gusta\documents\github\semesterprojekt3gruppe3\throwbot - copy\x64\debug\vc141.pdb
c:\users\gusta\documents\github\semesterprojekt3gruppe3\throwbot - copy\debug\moc_predefs.h
c:\users\gusta\documents\github\semesterprojekt3gruppe3\throwbot - copy\debug\throwbot.exe
c:\users\gusta\documents\github\semesterprojekt3gruppe3\throwbot - copy\debug\throwbot.ilk
c:\users\gusta\documents\github\semesterprojekt3gruppe3\throwbot - copy\debug\throwbot.pdb
c:\users\gusta\documents\github\semesterprojekt3gruppe3\throwbot - copy\.\generatedfiles\debug\moc_throwbot.cpp
c:\users\gusta\documents\github\semesterprojekt3gruppe3\throwbot - copy\.\generatedfiles\ui_throwbot.h
c:\users\gusta\documents\github\semesterprojekt3gruppe3\throwbot - copy\generatedfiles\debug\moc_throwbot.cpp
c:\users\gusta\documents\github\semesterprojekt3gruppe3\throwbot - copy\generatedfiles\ui_throwbot.h
c:\users\gusta\documents\github\semesterprojekt3gruppe3\throwbot - copy\x64\debug\throwbot.tlog\cl.command.1.tlog
c:\users\gusta\documents\github\semesterprojekt3gruppe3\throwbot - copy\x64\debug\throwbot.tlog\cl.read.1.tlog
c:\users\gusta\documents\github\semesterprojekt3gruppe3\throwbot - copy\x64\debug\throwbot.tlog\cl.write.1.tlog
c:\users\gusta\documents\github\semesterprojekt3gruppe3\throwbot - copy\x64\debug\throwbot.tlog\custombuild.command.1.tlog
c:\users\gusta\documents\github\semesterprojekt3gruppe3\throwbot - copy\x64\debug\throwbot.tlog\custombuild.read.1.tlog
c:\users\gusta\documents\github\semesterprojekt3gruppe3\throwbot - copy\x64\debug\throwbot.tlog\custombuild.write.1.tlog
c:\users\gusta\documents\github\semesterprojekt3gruppe3\throwbot - copy\x64\debug\throwbot.tlog\link.command.1.tlog
c:\users\gusta\documents\github\semesterprojekt3gruppe3\throwbot - copy\x64\debug\throwbot.tlog\link.read.1.tlog
c:\users\gusta\documents\github\semesterprojekt3gruppe3\throwbot - copy\x64\debug\throwbot.tlog\link.write.1.tlog
c:\users\gusta\documents\github\semesterprojekt3gruppe3\throwbot - copy\x64\debug\throwbot.tlog\qtmoc.read.1u.tlog
c:\users\gusta\documents\github\semesterprojekt3gruppe3\throwbot - copy\x64\debug\throwbot.tlog\qtmoc.write.1u.tlog
c:\users\gusta\documents\github\semesterprojekt3gruppe3\throwbot - copy\x64\debug\throwbot.tlog\qtuic.read.1u.tlog
c:\users\gusta\documents\github\semesterprojekt3gruppe3\throwbot - copy\x64\debug\throwbot.tlog\qtuic.write.1u.tlog
c:\users\gusta\documents\github\semesterprojekt3gruppe3\throwbot - copy\x64\debug\throwbot.tlog\throwbot.write.1u.tlog
