c:\users\gusta\onedrive - syddansk universitet\3,semester\cv\collection\x64\debug\vc141.pdb
c:\users\gusta\onedrive - syddansk universitet\3,semester\cv\collection\x64\debug\login.obj
c:\users\gusta\onedrive - syddansk universitet\3,semester\cv\collection\x64\debug\imageprocessing.obj
c:\users\gusta\onedrive - syddansk universitet\3,semester\cv\collection\x64\debug\moc_mainwindow.obj
c:\users\gusta\onedrive - syddansk universitet\3,semester\cv\collection\x64\debug\main.obj
c:\users\gusta\onedrive - syddansk universitet\3,semester\cv\collection\x64\debug\mainwindow.obj
c:\users\gusta\onedrive - syddansk universitet\3,semester\cv\collection\generatedfiles\debug\moc_mainwindow.cpp
c:\users\gusta\onedrive - syddansk universitet\3,semester\cv\collection\generatedfiles\ui_mainwindow.h
c:\users\gusta\onedrive - syddansk universitet\3,semester\cv\collection\debug\moc_predefs.h
c:\users\gusta\onedrive - syddansk universitet\3,semester\cv\collection\.\generatedfiles\debug\moc_mainwindow.cpp
c:\users\gusta\onedrive - syddansk universitet\3,semester\cv\collection\.\generatedfiles\ui_mainwindow.h
c:\users\gusta\onedrive - syddansk universitet\3,semester\cv\collection\x64\debug\collection.tlog\cl.command.1.tlog
c:\users\gusta\onedrive - syddansk universitet\3,semester\cv\collection\x64\debug\collection.tlog\cl.read.1.tlog
c:\users\gusta\onedrive - syddansk universitet\3,semester\cv\collection\x64\debug\collection.tlog\cl.write.1.tlog
c:\users\gusta\onedrive - syddansk universitet\3,semester\cv\collection\x64\debug\collection.tlog\collection.write.1u.tlog
c:\users\gusta\onedrive - syddansk universitet\3,semester\cv\collection\x64\debug\collection.tlog\custombuild.command.1.tlog
c:\users\gusta\onedrive - syddansk universitet\3,semester\cv\collection\x64\debug\collection.tlog\custombuild.read.1.tlog
c:\users\gusta\onedrive - syddansk universitet\3,semester\cv\collection\x64\debug\collection.tlog\custombuild.write.1.tlog
c:\users\gusta\onedrive - syddansk universitet\3,semester\cv\collection\x64\debug\collection.tlog\link-bgprobe.read.1.tlog
c:\users\gusta\onedrive - syddansk universitet\3,semester\cv\collection\x64\debug\collection.tlog\link-cvtres.read.1.tlog
c:\users\gusta\onedrive - syddansk universitet\3,semester\cv\collection\x64\debug\collection.tlog\link-cvtres.write.1.tlog
c:\users\gusta\onedrive - syddansk universitet\3,semester\cv\collection\x64\debug\collection.tlog\link-rc-bgprobe.read.1.tlog
c:\users\gusta\onedrive - syddansk universitet\3,semester\cv\collection\x64\debug\collection.tlog\link-rc.read.1.tlog
c:\users\gusta\onedrive - syddansk universitet\3,semester\cv\collection\x64\debug\collection.tlog\link-rc.write.1.tlog
c:\users\gusta\onedrive - syddansk universitet\3,semester\cv\collection\x64\debug\collection.tlog\link.28116-bgprobe.read.1.tlog
c:\users\gusta\onedrive - syddansk universitet\3,semester\cv\collection\x64\debug\collection.tlog\link.28116-cvtres.read.1.tlog
c:\users\gusta\onedrive - syddansk universitet\3,semester\cv\collection\x64\debug\collection.tlog\link.28116-cvtres.write.1.tlog
c:\users\gusta\onedrive - syddansk universitet\3,semester\cv\collection\x64\debug\collection.tlog\link.28116-rc-bgprobe.read.1.tlog
c:\users\gusta\onedrive - syddansk universitet\3,semester\cv\collection\x64\debug\collection.tlog\link.28116-rc.read.1.tlog
c:\users\gusta\onedrive - syddansk universitet\3,semester\cv\collection\x64\debug\collection.tlog\link.28116-rc.write.1.tlog
c:\users\gusta\onedrive - syddansk universitet\3,semester\cv\collection\x64\debug\collection.tlog\link.28116.read.1.tlog
c:\users\gusta\onedrive - syddansk universitet\3,semester\cv\collection\x64\debug\collection.tlog\link.28116.write.1.tlog
c:\users\gusta\onedrive - syddansk universitet\3,semester\cv\collection\x64\debug\collection.tlog\link.command.1.tlog
c:\users\gusta\onedrive - syddansk universitet\3,semester\cv\collection\x64\debug\collection.tlog\link.read.1.tlog
c:\users\gusta\onedrive - syddansk universitet\3,semester\cv\collection\x64\debug\collection.tlog\link.write.1.tlog
c:\users\gusta\onedrive - syddansk universitet\3,semester\cv\collection\x64\debug\collection.tlog\qtmoc.read.1u.tlog
c:\users\gusta\onedrive - syddansk universitet\3,semester\cv\collection\x64\debug\collection.tlog\qtmoc.write.1u.tlog
c:\users\gusta\onedrive - syddansk universitet\3,semester\cv\collection\x64\debug\collection.tlog\qtuic.read.1u.tlog
c:\users\gusta\onedrive - syddansk universitet\3,semester\cv\collection\x64\debug\collection.tlog\qtuic.write.1u.tlog
